
Showing logs for build [32mcb-kubecd-environment-pr-202-5-9rzl2-1[0m stage [32mfrom-build-pack[0m and container [32mstep-credential-initializer-xl926[0m
{"level":"info","ts":1587012120.010495,"logger":"fallback-logger","caller":"logging/config.go:69","msg":"Fetch GitHub commit ID from kodata failed: open /var/run/ko/refs/heads/0.8.0-ns-support: no such file or directory"}
{"level":"info","ts":1587012120.0112505,"logger":"fallback-logger","caller":"creds-init/main.go:40","msg":"Credentials initialized."}

Showing logs for build [32mcb-kubecd-environment-pr-202-5-9rzl2-1[0m stage [32mfrom-build-pack[0m and container [32mstep-working-dir-initializer-tbkw6[0m
{"level":"info","ts":1587012121.4961982,"logger":"fallback-logger","caller":"logging/config.go:69","msg":"Fetch GitHub commit ID from kodata failed: open /var/run/ko/HEAD: no such file or directory"}
{"level":"info","ts":1587012121.4978085,"logger":"fallback-logger","caller":"bash/main.go:64","msg":"Successfully executed command \"sh -c mkdir -p /workspace/source\"; output "}

Showing logs for build [32mcb-kubecd-environment-pr-202-5-9rzl2-1[0m stage [32mfrom-build-pack[0m and container [32mstep-place-tools[0m

Showing logs for build [32mcb-kubecd-environment-pr-202-5-9rzl2-1[0m stage [32mfrom-build-pack[0m and container [32mstep-git-source-cb-kubecd-environment-pr-202-5-9rzl2-7dsnh[0m
{"level":"info","ts":1587012125.549101,"logger":"fallback-logger","caller":"logging/config.go:69","msg":"Fetch GitHub commit ID from kodata failed: open /var/run/ko/refs/heads/0.8.0-ns-support: no such file or directory"}
{"level":"info","ts":1587012126.6866448,"logger":"fallback-logger","caller":"git/git.go:103","msg":"Successfully cloned https://github.com/cb-kubecd/environment-pr-202-5-boot-gke-production.git @ master in path /workspace/source"}

Showing logs for build [32mcb-kubecd-environment-pr-202-5-9rzl2-1[0m stage [32mfrom-build-pack[0m and container [32mstep-git-merge[0m
Using SHAs from PULL_REFS=master:356c34d769b5d40e9eea8e6f9d4a2f853a8ab21f,1:0356ae23c44060bcbaff53cfe3290e71e8fa8a88
DEBUG: LC_ALL=C JX_LOG_LEVEL=error git fetch origin --unshallow 0356ae23c44060bcbaff53cfe3290e71e8fa8a88: 356c34d769b5d40e9eea8e6f9d4a2f853a8ab21f:
DEBUG: ran git fetch --unshallow origin 0356ae23c44060bcbaff53cfe3290e71e8fa8a88: 356c34d769b5d40e9eea8e6f9d4a2f853a8ab21f: in 
DEBUG: LC_ALL=C JX_LOG_LEVEL=error git branch
DEBUG: LC_ALL=C JX_LOG_LEVEL=error git checkout master
DEBUG: ran git checkout master in 
DEBUG: LC_ALL=C JX_LOG_LEVEL=error git reset --hard 356c34d769b5d40e9eea8e6f9d4a2f853a8ab21f
DEBUG: ran git reset --hard 356c34d769b5d40e9eea8e6f9d4a2f853a8ab21f in 
DEBUG: JX_LOG_LEVEL=error LC_ALL=C git clean -fd .
DEBUG: ran clean --force -d . in 
DEBUG: LC_ALL=C JX_LOG_LEVEL=error git merge 0356ae23c44060bcbaff53cfe3290e71e8fa8a88
DEBUG: ran git merge 0356ae23c44060bcbaff53cfe3290e71e8fa8a88 in 
DEBUG: LC_ALL=C JX_LOG_LEVEL=error git log --format=%H%x1f%an%x1f%ae%x1f%cn%x1f%ce%x1f%s%n%b%x1e 356c34d769b5d40e9eea8e6f9d4a2f853a8ab21f..HEAD
Merged SHA 0356ae23c44060bcbaff53cfe3290e71e8fa8a88 with commit message 'chore: Promote bdd-spring-1587011155 to version 0.0.1' into base branch master

Showing logs for build [32mcb-kubecd-environment-pr-202-5-9rzl2-1[0m stage [32mfrom-build-pack[0m and container [32mstep-build-helm-build[0m
WARNING: No $CHART_REPOSITORY defined so using the default value of: http://jenkins-x-chartmuseum:8080
Adding missing Helm repo: storage.googleapis.com https://storage.googleapis.com/chartmuseum.jenkins-x.io
WARNING: No secrets found on "helm/repos" due: reading the secret "helm/repos" from vault: no secret "helm/repos" not found in vault
Read credentials for https://storage.googleapis.com/chartmuseum.jenkins-x.io from vault helm/repos
Successfully added Helm repository storage.googleapis.com.
Adding missing Helm repo: jenkins-x-chartmuseum http://jenkins-x-chartmuseum:8080
WARNING: No secrets found on "helm/repos" due: reading the secret "helm/repos" from vault: no secret "helm/repos" not found in vault
Read credentials for http://jenkins-x-chartmuseum:8080 from vault helm/repos
Successfully added Helm repository jenkins-x-chartmuseum.
WARNING: No $CHART_REPOSITORY defined so using the default value of: http://jenkins-x-chartmuseum:8080
Adding missing Helm repo: chartmuseum.jenkins-x.io http://chartmuseum.jenkins-x.io
WARNING: No secrets found on "helm/repos" due: reading the secret "helm/repos" from vault: no secret "helm/repos" not found in vault
Read credentials for http://chartmuseum.jenkins-x.io from vault helm/repos
Successfully added Helm repository chartmuseum.jenkins-x.io.
